0 info it worked if it ends with ok
1 verbose cli [ '/usr/local/Cellar/node/4.2.1/bin/node',
1 verbose cli   '/usr/local/bin/npm',
1 verbose cli   'install',
1 verbose cli   '-g',
1 verbose cli   'bower',
1 verbose cli   'to',
1 verbose cli   'update.' ]
2 info using npm@3.6.0
3 info using node@v4.2.1
4 silly loadCurrentTree Starting
5 silly install loadCurrentTree
6 silly install readGlobalPackageData
7 silly fetchPackageMetaData bower
8 silly fetchPackageMetaData to
9 silly fetchPackageMetaData update.
10 silly fetchNamedPackageData bower
11 silly mapToRegistry name bower
12 silly mapToRegistry using default registry
13 silly mapToRegistry registry http://registry.npmjs.org/
14 silly mapToRegistry uri http://registry.npmjs.org/bower
15 silly fetchNamedPackageData to
16 silly mapToRegistry name to
17 silly mapToRegistry using default registry
18 silly mapToRegistry registry http://registry.npmjs.org/
19 silly mapToRegistry uri http://registry.npmjs.org/to
20 silly fetchNamedPackageData update.
21 silly mapToRegistry name update.
22 silly mapToRegistry using default registry
23 silly mapToRegistry registry http://registry.npmjs.org/
24 silly mapToRegistry uri http://registry.npmjs.org/update.
25 verbose request uri http://registry.npmjs.org/to
26 verbose request no auth needed
27 info attempt registry request try #1 at 17:42:08
28 verbose request using bearer token for auth
29 verbose request id 6ec3ff31ac7327cc
30 http request GET http://registry.npmjs.org/to
31 verbose request uri http://registry.npmjs.org/update.
32 verbose request no auth needed
33 info attempt registry request try #1 at 17:42:08
34 verbose request using bearer token for auth
35 http request GET http://registry.npmjs.org/update.
36 verbose request uri http://registry.npmjs.org/bower
37 verbose request no auth needed
38 info attempt registry request try #1 at 17:42:08
39 verbose request using bearer token for auth
40 verbose etag "AQ4GEGSUZ1PRKJKGQ6P5L7X1C"
41 http request GET http://registry.npmjs.org/bower
42 http 404 http://registry.npmjs.org/update.
43 verbose headers { 'content-type': 'application/json',
43 verbose headers   'cache-control': 'max-age=0',
43 verbose headers   'content-length': '2',
43 verbose headers   'accept-ranges': 'bytes',
43 verbose headers   date: 'Sun, 24 Jul 2016 09:42:08 GMT',
43 verbose headers   via: '1.1 varnish',
43 verbose headers   connection: 'keep-alive',
43 verbose headers   'x-served-by': 'cache-ams4134-AMS',
43 verbose headers   'x-cache': 'MISS',
43 verbose headers   'x-cache-hits': '0',
43 verbose headers   'x-timer': 'S1469353328.233492,VS0,VE713',
43 verbose headers   vary: 'Accept-Encoding' }
44 silly get cb [ 404,
44 silly get   { 'content-type': 'application/json',
44 silly get     'cache-control': 'max-age=0',
44 silly get     'content-length': '2',
44 silly get     'accept-ranges': 'bytes',
44 silly get     date: 'Sun, 24 Jul 2016 09:42:08 GMT',
44 silly get     via: '1.1 varnish',
44 silly get     connection: 'keep-alive',
44 silly get     'x-served-by': 'cache-ams4134-AMS',
44 silly get     'x-cache': 'MISS',
44 silly get     'x-cache-hits': '0',
44 silly get     'x-timer': 'S1469353328.233492,VS0,VE713',
44 silly get     vary: 'Accept-Encoding' } ]
45 silly fetchPackageMetaData Error: Registry returned 404 for GET on http://registry.npmjs.org/update.
45 silly fetchPackageMetaData     at makeError (/usr/local/lib/node_modules/npm/node_modules/npm-registry-client/lib/request.js:264:12)
45 silly fetchPackageMetaData     at CachingRegistryClient.<anonymous> (/usr/local/lib/node_modules/npm/node_modules/npm-registry-client/lib/request.js:242:14)
45 silly fetchPackageMetaData     at Request._callback (/usr/local/lib/node_modules/npm/node_modules/npm-registry-client/lib/request.js:172:14)
45 silly fetchPackageMetaData     at Request.self.callback (/usr/local/lib/node_modules/npm/node_modules/request/request.js:198:22)
45 silly fetchPackageMetaData     at emitTwo (events.js:87:13)
45 silly fetchPackageMetaData     at Request.emit (events.js:172:7)
45 silly fetchPackageMetaData     at Request.<anonymous> (/usr/local/lib/node_modules/npm/node_modules/request/request.js:1035:10)
45 silly fetchPackageMetaData     at emitOne (events.js:82:20)
45 silly fetchPackageMetaData     at Request.emit (events.js:169:7)
45 silly fetchPackageMetaData     at IncomingMessage.<anonymous> (/usr/local/lib/node_modules/npm/node_modules/request/request.js:962:12)
45 silly fetchPackageMetaData  error for update. { [Error: Registry returned 404 for GET on http://registry.npmjs.org/update.] pkgid: 'update.', statusCode: 404, code: 'E404' }
46 http 200 http://registry.npmjs.org/to
47 verbose headers { server: 'CouchDB/1.6.1 (Erlang OTP/R16B03)',
47 verbose headers   etag: '"C0CKNCOJZFPGGLNP1OSQMTNDW"',
47 verbose headers   'content-type': 'application/json',
47 verbose headers   'content-encoding': 'gzip',
47 verbose headers   'cache-control': 'max-age=300',
47 verbose headers   'transfer-encoding': 'chunked',
47 verbose headers   'accept-ranges': 'bytes',
47 verbose headers   date: 'Sun, 24 Jul 2016 09:42:08 GMT',
47 verbose headers   via: '1.1 varnish',
47 verbose headers   connection: 'keep-alive',
47 verbose headers   'x-served-by': 'cache-ams4429-AMS',
47 verbose headers   'x-cache': 'MISS',
47 verbose headers   'x-cache-hits': '0',
47 verbose headers   'x-timer': 'S1469353328.231167,VS0,VE735',
47 verbose headers   vary: 'Accept-Encoding' }
48 silly get cb [ 200,
48 silly get   { server: 'CouchDB/1.6.1 (Erlang OTP/R16B03)',
48 silly get     etag: '"C0CKNCOJZFPGGLNP1OSQMTNDW"',
48 silly get     'content-type': 'application/json',
48 silly get     'content-encoding': 'gzip',
48 silly get     'cache-control': 'max-age=300',
48 silly get     'transfer-encoding': 'chunked',
48 silly get     'accept-ranges': 'bytes',
48 silly get     date: 'Sun, 24 Jul 2016 09:42:08 GMT',
48 silly get     via: '1.1 varnish',
48 silly get     connection: 'keep-alive',
48 silly get     'x-served-by': 'cache-ams4429-AMS',
48 silly get     'x-cache': 'MISS',
48 silly get     'x-cache-hits': '0',
48 silly get     'x-timer': 'S1469353328.231167,VS0,VE735',
48 silly get     vary: 'Accept-Encoding' } ]
49 verbose get saving to to /Users/fangke/.npm/registry.npmjs.org/to/.cache.json
50 verbose correctMkdir /Users/fangke/.npm correctMkdir not in flight; initializing
51 http 200 http://registry.npmjs.org/bower
52 verbose headers { server: 'CouchDB/1.5.0 (Erlang OTP/R16B03)',
52 verbose headers   etag: '"9SL7RVXJP5OHP2Z1GWZVENQAI"',
52 verbose headers   'content-type': 'application/json',
52 verbose headers   'content-encoding': 'gzip',
52 verbose headers   'cache-control': 'max-age=300',
52 verbose headers   'transfer-encoding': 'chunked',
52 verbose headers   'accept-ranges': 'bytes',
52 verbose headers   date: 'Sun, 24 Jul 2016 09:42:08 GMT',
52 verbose headers   via: '1.1 varnish',
52 verbose headers   connection: 'keep-alive',
52 verbose headers   'x-served-by': 'cache-ams4433-AMS',
52 verbose headers   'x-cache': 'MISS',
52 verbose headers   'x-cache-hits': '0',
52 verbose headers   'x-timer': 'S1469353328.052138,VS0,VE766',
52 verbose headers   vary: 'Accept-Encoding' }
53 silly get cb [ 200,
53 silly get   { server: 'CouchDB/1.5.0 (Erlang OTP/R16B03)',
53 silly get     etag: '"9SL7RVXJP5OHP2Z1GWZVENQAI"',
53 silly get     'content-type': 'application/json',
53 silly get     'content-encoding': 'gzip',
53 silly get     'cache-control': 'max-age=300',
53 silly get     'transfer-encoding': 'chunked',
53 silly get     'accept-ranges': 'bytes',
53 silly get     date: 'Sun, 24 Jul 2016 09:42:08 GMT',
53 silly get     via: '1.1 varnish',
53 silly get     connection: 'keep-alive',
53 silly get     'x-served-by': 'cache-ams4433-AMS',
53 silly get     'x-cache': 'MISS',
53 silly get     'x-cache-hits': '0',
53 silly get     'x-timer': 'S1469353328.052138,VS0,VE766',
53 silly get     vary: 'Accept-Encoding' } ]
54 verbose get saving bower to /Users/fangke/.npm/registry.npmjs.org/bower/.cache.json
55 verbose correctMkdir /Users/fangke/.npm correctMkdir not in flight; initializing
56 silly rollbackFailedOptional Starting
57 silly rollbackFailedOptional Finishing
58 silly runTopLevelLifecycles Starting
59 silly runTopLevelLifecycles Finishing
60 silly install printInstalled
61 verbose stack Error: Registry returned 404 for GET on http://registry.npmjs.org/update.
61 verbose stack     at makeError (/usr/local/lib/node_modules/npm/node_modules/npm-registry-client/lib/request.js:264:12)
61 verbose stack     at CachingRegistryClient.<anonymous> (/usr/local/lib/node_modules/npm/node_modules/npm-registry-client/lib/request.js:242:14)
61 verbose stack     at Request._callback (/usr/local/lib/node_modules/npm/node_modules/npm-registry-client/lib/request.js:172:14)
61 verbose stack     at Request.self.callback (/usr/local/lib/node_modules/npm/node_modules/request/request.js:198:22)
61 verbose stack     at emitTwo (events.js:87:13)
61 verbose stack     at Request.emit (events.js:172:7)
61 verbose stack     at Request.<anonymous> (/usr/local/lib/node_modules/npm/node_modules/request/request.js:1035:10)
61 verbose stack     at emitOne (events.js:82:20)
61 verbose stack     at Request.emit (events.js:169:7)
61 verbose stack     at IncomingMessage.<anonymous> (/usr/local/lib/node_modules/npm/node_modules/request/request.js:962:12)
62 verbose statusCode 404
63 verbose pkgid update.
64 verbose cwd /Users/fangke/Desktop/angular-ui-sideBar
65 error Darwin 14.5.0
66 error argv "/usr/local/Cellar/node/4.2.1/bin/node" "/usr/local/bin/npm" "install" "-g" "bower" "to" "update."
67 error node v4.2.1
68 error npm  v3.6.0
69 error code E404
70 error 404 Registry returned 404 for GET on http://registry.npmjs.org/update.
71 error 404
72 error 404 'update.' is not in the npm registry.
73 error 404 You should bug the author to publish it (or use the name yourself!)
74 error 404 Note that you can also install from a
75 error 404 tarball, folder, http url, or git url.
76 verbose exit [ 1, true ]
